ARM GAS  C:\Users\cy023\AppData\Local\Temp\ccsfjf1R.s 			page 1


   1              		.cpu cortex-m4
   2              		.eabi_attribute 20, 1
   3              		.eabi_attribute 21, 1
   4              		.eabi_attribute 23, 3
   5              		.eabi_attribute 24, 1
   6              		.eabi_attribute 25, 1
   7              		.eabi_attribute 26, 1
   8              		.eabi_attribute 30, 6
   9              		.eabi_attribute 34, 1
  10              		.eabi_attribute 18, 4
  11              		.file	"syscall.c"
  12              		.text
  13              	.Ltext0:
  14              		.cfi_sections	.debug_frame
  15              		.section	.text._write,"ax",%progbits
  16              		.align	1
  17              		.global	_write
  18              		.arch armv7e-m
  19              		.syntax unified
  20              		.thumb
  21              		.thumb_func
  22              		.fpu softvfp
  24              	_write:
  25              	.LFB0:
  26              		.file 1 "Drivers/HAL/syscall.c"
   1:Drivers/HAL/syscall.c **** /**
   2:Drivers/HAL/syscall.c ****  * @file syscall.c
   3:Drivers/HAL/syscall.c ****  * @author cy023
   4:Drivers/HAL/syscall.c ****  * @date 2022.08.02
   5:Drivers/HAL/syscall.c ****  * @brief
   6:Drivers/HAL/syscall.c ****  *
   7:Drivers/HAL/syscall.c ****  */
   8:Drivers/HAL/syscall.c **** 
   9:Drivers/HAL/syscall.c **** #include "uart.h"
  10:Drivers/HAL/syscall.c **** 
  11:Drivers/HAL/syscall.c **** int _write(__attribute__((unused)) int fd, char *ptr, int len)
  12:Drivers/HAL/syscall.c **** {
  27              		.loc 1 12 1
  28              		.cfi_startproc
  29              		@ args = 0, pretend = 0, frame = 24
  30              		@ frame_needed = 1, uses_anonymous_args = 0
  31 0000 80B5     		push	{r7, lr}
  32              	.LCFI0:
  33              		.cfi_def_cfa_offset 8
  34              		.cfi_offset 7, -8
  35              		.cfi_offset 14, -4
  36 0002 86B0     		sub	sp, sp, #24
  37              	.LCFI1:
  38              		.cfi_def_cfa_offset 32
  39 0004 00AF     		add	r7, sp, #0
  40              	.LCFI2:
  41              		.cfi_def_cfa_register 7
  42 0006 F860     		str	r0, [r7, #12]
  43 0008 B960     		str	r1, [r7, #8]
  44 000a 7A60     		str	r2, [r7, #4]
  45              	.LBB2:
  13:Drivers/HAL/syscall.c ****     for (int i = 0; i < len; i++) {
ARM GAS  C:\Users\cy023\AppData\Local\Temp\ccsfjf1R.s 			page 2


  46              		.loc 1 13 14
  47 000c 0023     		movs	r3, #0
  48 000e 7B61     		str	r3, [r7, #20]
  49              		.loc 1 13 5
  50 0010 10E0     		b	.L2
  51              	.L4:
  14:Drivers/HAL/syscall.c ****         uart0_putc(*ptr++);
  52              		.loc 1 14 24
  53 0012 BB68     		ldr	r3, [r7, #8]
  54 0014 5A1C     		adds	r2, r3, #1
  55 0016 BA60     		str	r2, [r7, #8]
  56              		.loc 1 14 9
  57 0018 1B78     		ldrb	r3, [r3]	@ zero_extendqisi2
  58 001a 1846     		mov	r0, r3
  59 001c FFF7FEFF 		bl	uart0_putc
  15:Drivers/HAL/syscall.c ****         if (*ptr == '\n')
  60              		.loc 1 15 13
  61 0020 BB68     		ldr	r3, [r7, #8]
  62 0022 1B78     		ldrb	r3, [r3]	@ zero_extendqisi2
  63              		.loc 1 15 12
  64 0024 0A2B     		cmp	r3, #10
  65 0026 02D1     		bne	.L3
  16:Drivers/HAL/syscall.c ****             uart0_putc('\r');
  66              		.loc 1 16 13
  67 0028 0D20     		movs	r0, #13
  68 002a FFF7FEFF 		bl	uart0_putc
  69              	.L3:
  13:Drivers/HAL/syscall.c ****         uart0_putc(*ptr++);
  70              		.loc 1 13 31 discriminator 2
  71 002e 7B69     		ldr	r3, [r7, #20]
  72 0030 0133     		adds	r3, r3, #1
  73 0032 7B61     		str	r3, [r7, #20]
  74              	.L2:
  13:Drivers/HAL/syscall.c ****         uart0_putc(*ptr++);
  75              		.loc 1 13 5 discriminator 1
  76 0034 7A69     		ldr	r2, [r7, #20]
  77 0036 7B68     		ldr	r3, [r7, #4]
  78 0038 9A42     		cmp	r2, r3
  79 003a EADB     		blt	.L4
  80              	.LBE2:
  17:Drivers/HAL/syscall.c ****     }
  18:Drivers/HAL/syscall.c ****     return len;
  81              		.loc 1 18 12
  82 003c 7B68     		ldr	r3, [r7, #4]
  19:Drivers/HAL/syscall.c **** }
  83              		.loc 1 19 1
  84 003e 1846     		mov	r0, r3
  85 0040 1837     		adds	r7, r7, #24
  86              	.LCFI3:
  87              		.cfi_def_cfa_offset 8
  88 0042 BD46     		mov	sp, r7
  89              	.LCFI4:
  90              		.cfi_def_cfa_register 13
  91              		@ sp needed
  92 0044 80BD     		pop	{r7, pc}
  93              		.cfi_endproc
  94              	.LFE0:
ARM GAS  C:\Users\cy023\AppData\Local\Temp\ccsfjf1R.s 			page 3


  96              		.section	.text._read,"ax",%progbits
  97              		.align	1
  98              		.global	_read
  99              		.syntax unified
 100              		.thumb
 101              		.thumb_func
 102              		.fpu softvfp
 104              	_read:
 105              	.LFB1:
  20:Drivers/HAL/syscall.c **** 
  21:Drivers/HAL/syscall.c **** int _read(__attribute__((unused)) int fd, char *ptr, int len)
  22:Drivers/HAL/syscall.c **** {
 106              		.loc 1 22 1
 107              		.cfi_startproc
 108              		@ args = 0, pretend = 0, frame = 24
 109              		@ frame_needed = 1, uses_anonymous_args = 0
 110 0000 90B5     		push	{r4, r7, lr}
 111              	.LCFI5:
 112              		.cfi_def_cfa_offset 12
 113              		.cfi_offset 4, -12
 114              		.cfi_offset 7, -8
 115              		.cfi_offset 14, -4
 116 0002 87B0     		sub	sp, sp, #28
 117              	.LCFI6:
 118              		.cfi_def_cfa_offset 40
 119 0004 00AF     		add	r7, sp, #0
 120              	.LCFI7:
 121              		.cfi_def_cfa_register 7
 122 0006 F860     		str	r0, [r7, #12]
 123 0008 B960     		str	r1, [r7, #8]
 124 000a 7A60     		str	r2, [r7, #4]
 125              	.LBB3:
  23:Drivers/HAL/syscall.c ****     for (int i = 0; i < len; i++)
 126              		.loc 1 23 14
 127 000c 0023     		movs	r3, #0
 128 000e 7B61     		str	r3, [r7, #20]
 129              		.loc 1 23 5
 130 0010 09E0     		b	.L7
 131              	.L8:
  24:Drivers/HAL/syscall.c ****         *ptr++ = uart0_getc();
 132              		.loc 1 24 13 discriminator 3
 133 0012 BC68     		ldr	r4, [r7, #8]
 134 0014 631C     		adds	r3, r4, #1
 135 0016 BB60     		str	r3, [r7, #8]
 136              		.loc 1 24 18 discriminator 3
 137 0018 FFF7FEFF 		bl	uart0_getc
 138 001c 0346     		mov	r3, r0
 139              		.loc 1 24 16 discriminator 3
 140 001e 2370     		strb	r3, [r4]
  23:Drivers/HAL/syscall.c ****     for (int i = 0; i < len; i++)
 141              		.loc 1 23 31 discriminator 3
 142 0020 7B69     		ldr	r3, [r7, #20]
 143 0022 0133     		adds	r3, r3, #1
 144 0024 7B61     		str	r3, [r7, #20]
 145              	.L7:
  23:Drivers/HAL/syscall.c ****     for (int i = 0; i < len; i++)
 146              		.loc 1 23 5 discriminator 1
ARM GAS  C:\Users\cy023\AppData\Local\Temp\ccsfjf1R.s 			page 4


 147 0026 7A69     		ldr	r2, [r7, #20]
 148 0028 7B68     		ldr	r3, [r7, #4]
 149 002a 9A42     		cmp	r2, r3
 150 002c F1DB     		blt	.L8
 151              	.LBE3:
  25:Drivers/HAL/syscall.c ****     return len;
 152              		.loc 1 25 12
 153 002e 7B68     		ldr	r3, [r7, #4]
  26:Drivers/HAL/syscall.c **** }
 154              		.loc 1 26 1
 155 0030 1846     		mov	r0, r3
 156 0032 1C37     		adds	r7, r7, #28
 157              	.LCFI8:
 158              		.cfi_def_cfa_offset 12
 159 0034 BD46     		mov	sp, r7
 160              	.LCFI9:
 161              		.cfi_def_cfa_register 13
 162              		@ sp needed
 163 0036 90BD     		pop	{r4, r7, pc}
 164              		.cfi_endproc
 165              	.LFE1:
 167              		.section	.text._ttywrch,"ax",%progbits
 168              		.align	1
 169              		.global	_ttywrch
 170              		.syntax unified
 171              		.thumb
 172              		.thumb_func
 173              		.fpu softvfp
 175              	_ttywrch:
 176              	.LFB2:
  27:Drivers/HAL/syscall.c **** 
  28:Drivers/HAL/syscall.c **** void _ttywrch(int ch)
  29:Drivers/HAL/syscall.c **** {
 177              		.loc 1 29 1
 178              		.cfi_startproc
 179              		@ args = 0, pretend = 0, frame = 8
 180              		@ frame_needed = 1, uses_anonymous_args = 0
 181 0000 80B5     		push	{r7, lr}
 182              	.LCFI10:
 183              		.cfi_def_cfa_offset 8
 184              		.cfi_offset 7, -8
 185              		.cfi_offset 14, -4
 186 0002 82B0     		sub	sp, sp, #8
 187              	.LCFI11:
 188              		.cfi_def_cfa_offset 16
 189 0004 00AF     		add	r7, sp, #0
 190              	.LCFI12:
 191              		.cfi_def_cfa_register 7
 192 0006 7860     		str	r0, [r7, #4]
  30:Drivers/HAL/syscall.c ****     uart0_putc(ch);
 193              		.loc 1 30 5
 194 0008 7B68     		ldr	r3, [r7, #4]
 195 000a DBB2     		uxtb	r3, r3
 196 000c 1846     		mov	r0, r3
 197 000e FFF7FEFF 		bl	uart0_putc
  31:Drivers/HAL/syscall.c **** }
 198              		.loc 1 31 1
ARM GAS  C:\Users\cy023\AppData\Local\Temp\ccsfjf1R.s 			page 5


 199 0012 00BF     		nop
 200 0014 0837     		adds	r7, r7, #8
 201              	.LCFI13:
 202              		.cfi_def_cfa_offset 8
 203 0016 BD46     		mov	sp, r7
 204              	.LCFI14:
 205              		.cfi_def_cfa_register 13
 206              		@ sp needed
 207 0018 80BD     		pop	{r7, pc}
 208              		.cfi_endproc
 209              	.LFE2:
 211              		.text
 212              	.Letext0:
ARM GAS  C:\Users\cy023\AppData\Local\Temp\ccsfjf1R.s 			page 6


DEFINED SYMBOLS
                            *ABS*:00000000 syscall.c
C:\Users\cy023\AppData\Local\Temp\ccsfjf1R.s:16     .text._write:00000000 $t
C:\Users\cy023\AppData\Local\Temp\ccsfjf1R.s:24     .text._write:00000000 _write
C:\Users\cy023\AppData\Local\Temp\ccsfjf1R.s:97     .text._read:00000000 $t
C:\Users\cy023\AppData\Local\Temp\ccsfjf1R.s:104    .text._read:00000000 _read
C:\Users\cy023\AppData\Local\Temp\ccsfjf1R.s:168    .text._ttywrch:00000000 $t
C:\Users\cy023\AppData\Local\Temp\ccsfjf1R.s:175    .text._ttywrch:00000000 _ttywrch

UNDEFINED SYMBOLS
uart0_putc
uart0_getc
