ARM GAS  C:\Users\cy023\AppData\Local\Temp\ccKUQqDr.s 			page 1


   1              		.cpu cortex-m4
   2              		.eabi_attribute 20, 1
   3              		.eabi_attribute 21, 1
   4              		.eabi_attribute 23, 3
   5              		.eabi_attribute 24, 1
   6              		.eabi_attribute 25, 1
   7              		.eabi_attribute 26, 1
   8              		.eabi_attribute 30, 6
   9              		.eabi_attribute 34, 1
  10              		.eabi_attribute 18, 4
  11              		.file	"system_same54p20a.c"
  12              		.text
  13              	.Ltext0:
  14              		.cfi_sections	.debug_frame
  15              		.global	SystemCoreClock
  16              		.data
  17              		.align	2
  20              	SystemCoreClock:
  21 0000 006CDC02 		.word	48000000
  22              		.section	.text.SystemInit,"ax",%progbits
  23              		.align	1
  24              		.global	SystemInit
  25              		.arch armv7e-m
  26              		.syntax unified
  27              		.thumb
  28              		.thumb_func
  29              		.fpu softvfp
  31              	SystemInit:
  32              	.LFB130:
  33              		.file 1 "Device_Startup/system_same54p20a.c"
   1:Device_Startup/system_same54p20a.c **** /**
   2:Device_Startup/system_same54p20a.c ****  * \file
   3:Device_Startup/system_same54p20a.c ****  *
   4:Device_Startup/system_same54p20a.c ****  * \brief System configuration file for ATSAME54P20A
   5:Device_Startup/system_same54p20a.c ****  *
   6:Device_Startup/system_same54p20a.c ****  * Copyright (c) 2022 Microchip Technology Inc.
   7:Device_Startup/system_same54p20a.c ****  *
   8:Device_Startup/system_same54p20a.c ****  * \license_start
   9:Device_Startup/system_same54p20a.c ****  *
  10:Device_Startup/system_same54p20a.c ****  * \page License
  11:Device_Startup/system_same54p20a.c ****  *
  12:Device_Startup/system_same54p20a.c ****  * SPDX-License-Identifier: Apache-2.0
  13:Device_Startup/system_same54p20a.c ****  *
  14:Device_Startup/system_same54p20a.c ****  * Licensed under the Apache License, Version 2.0 (the "License");
  15:Device_Startup/system_same54p20a.c ****  * you may not use this file except in compliance with the License.
  16:Device_Startup/system_same54p20a.c ****  * You may obtain a copy of the License at
  17:Device_Startup/system_same54p20a.c ****  *
  18:Device_Startup/system_same54p20a.c ****  *   http://www.apache.org/licenses/LICENSE-2.0
  19:Device_Startup/system_same54p20a.c ****  *
  20:Device_Startup/system_same54p20a.c ****  * Unless required by applicable law or agreed to in writing, software
  21:Device_Startup/system_same54p20a.c ****  * distributed under the License is distributed on an "AS IS" BASIS,
  22:Device_Startup/system_same54p20a.c ****  * WITHOUT WARRANTIES OR CONDITIONS OF ANY KIND, either express or implied.
  23:Device_Startup/system_same54p20a.c ****  * See the License for the specific language governing permissions and
  24:Device_Startup/system_same54p20a.c ****  * limitations under the License.
  25:Device_Startup/system_same54p20a.c ****  *
  26:Device_Startup/system_same54p20a.c ****  * \license_stop
  27:Device_Startup/system_same54p20a.c ****  *
ARM GAS  C:\Users\cy023\AppData\Local\Temp\ccKUQqDr.s 			page 2


  28:Device_Startup/system_same54p20a.c ****  */
  29:Device_Startup/system_same54p20a.c **** 
  30:Device_Startup/system_same54p20a.c **** #include "same54p20a.h"
  31:Device_Startup/system_same54p20a.c **** 
  32:Device_Startup/system_same54p20a.c **** /** \cond 0 */
  33:Device_Startup/system_same54p20a.c **** /* *INDENT-OFF* */
  34:Device_Startup/system_same54p20a.c **** #ifdef __cplusplus
  35:Device_Startup/system_same54p20a.c **** extern "C" {
  36:Device_Startup/system_same54p20a.c **** #endif
  37:Device_Startup/system_same54p20a.c **** /* *INDENT-ON* */
  38:Device_Startup/system_same54p20a.c **** /** \endcond */
  39:Device_Startup/system_same54p20a.c **** 
  40:Device_Startup/system_same54p20a.c **** /**
  41:Device_Startup/system_same54p20a.c ****  * Initial system clock frequency. The System RC Oscillator (RCSYS) provides
  42:Device_Startup/system_same54p20a.c ****  *  the source for the main clock at chip startup.
  43:Device_Startup/system_same54p20a.c ****  */
  44:Device_Startup/system_same54p20a.c **** #define __SYSTEM_CLOCK    (48000000)
  45:Device_Startup/system_same54p20a.c **** 
  46:Device_Startup/system_same54p20a.c **** uint32_t SystemCoreClock = __SYSTEM_CLOCK;  /*!< System Clock Frequency (Core Clock)*/
  47:Device_Startup/system_same54p20a.c **** 
  48:Device_Startup/system_same54p20a.c **** /**
  49:Device_Startup/system_same54p20a.c ****  * Initialize the system
  50:Device_Startup/system_same54p20a.c ****  *
  51:Device_Startup/system_same54p20a.c ****  * \brief  Setup the microcontroller system.
  52:Device_Startup/system_same54p20a.c ****  *         Initialize the System and update the SystemCoreClock variable.
  53:Device_Startup/system_same54p20a.c ****  */
  54:Device_Startup/system_same54p20a.c **** void SystemInit(void)
  55:Device_Startup/system_same54p20a.c **** {
  34              		.loc 1 55 1
  35              		.cfi_startproc
  36              		@ args = 0, pretend = 0, frame = 0
  37              		@ frame_needed = 1, uses_anonymous_args = 0
  38              		@ link register save eliminated.
  39 0000 80B4     		push	{r7}
  40              	.LCFI0:
  41              		.cfi_def_cfa_offset 4
  42              		.cfi_offset 7, -4
  43 0002 00AF     		add	r7, sp, #0
  44              	.LCFI1:
  45              		.cfi_def_cfa_register 7
  56:Device_Startup/system_same54p20a.c ****     // Keep the default device state after reset
  57:Device_Startup/system_same54p20a.c ****     SystemCoreClock = __SYSTEM_CLOCK;
  46              		.loc 1 57 21
  47 0004 034B     		ldr	r3, .L3
  48 0006 044A     		ldr	r2, .L3+4
  49 0008 1A60     		str	r2, [r3]
  58:Device_Startup/system_same54p20a.c ****     return;
  50              		.loc 1 58 5
  51 000a 00BF     		nop
  59:Device_Startup/system_same54p20a.c **** }
  52              		.loc 1 59 1
  53 000c BD46     		mov	sp, r7
  54              	.LCFI2:
  55              		.cfi_def_cfa_register 13
  56              		@ sp needed
  57 000e 80BC     		pop	{r7}
  58              	.LCFI3:
ARM GAS  C:\Users\cy023\AppData\Local\Temp\ccKUQqDr.s 			page 3


  59              		.cfi_restore 7
  60              		.cfi_def_cfa_offset 0
  61 0010 7047     		bx	lr
  62              	.L4:
  63 0012 00BF     		.align	2
  64              	.L3:
  65 0014 00000000 		.word	SystemCoreClock
  66 0018 006CDC02 		.word	48000000
  67              		.cfi_endproc
  68              	.LFE130:
  70              		.section	.text.SystemCoreClockUpdate,"ax",%progbits
  71              		.align	1
  72              		.global	SystemCoreClockUpdate
  73              		.syntax unified
  74              		.thumb
  75              		.thumb_func
  76              		.fpu softvfp
  78              	SystemCoreClockUpdate:
  79              	.LFB131:
  60:Device_Startup/system_same54p20a.c **** 
  61:Device_Startup/system_same54p20a.c **** /**
  62:Device_Startup/system_same54p20a.c ****  * Update SystemCoreClock variable
  63:Device_Startup/system_same54p20a.c ****  *
  64:Device_Startup/system_same54p20a.c ****  * \brief  Updates the SystemCoreClock with current core Clock
  65:Device_Startup/system_same54p20a.c ****  *         retrieved from cpu registers.
  66:Device_Startup/system_same54p20a.c ****  */
  67:Device_Startup/system_same54p20a.c **** void SystemCoreClockUpdate(void)
  68:Device_Startup/system_same54p20a.c **** {
  80              		.loc 1 68 1
  81              		.cfi_startproc
  82              		@ args = 0, pretend = 0, frame = 0
  83              		@ frame_needed = 1, uses_anonymous_args = 0
  84              		@ link register save eliminated.
  85 0000 80B4     		push	{r7}
  86              	.LCFI4:
  87              		.cfi_def_cfa_offset 4
  88              		.cfi_offset 7, -4
  89 0002 00AF     		add	r7, sp, #0
  90              	.LCFI5:
  91              		.cfi_def_cfa_register 7
  69:Device_Startup/system_same54p20a.c ****     // Not implemented
  70:Device_Startup/system_same54p20a.c ****     SystemCoreClock = __SYSTEM_CLOCK;
  92              		.loc 1 70 21
  93 0004 034B     		ldr	r3, .L7
  94 0006 044A     		ldr	r2, .L7+4
  95 0008 1A60     		str	r2, [r3]
  71:Device_Startup/system_same54p20a.c ****     return;
  96              		.loc 1 71 5
  97 000a 00BF     		nop
  72:Device_Startup/system_same54p20a.c **** }
  98              		.loc 1 72 1
  99 000c BD46     		mov	sp, r7
 100              	.LCFI6:
 101              		.cfi_def_cfa_register 13
 102              		@ sp needed
 103 000e 80BC     		pop	{r7}
 104              	.LCFI7:
ARM GAS  C:\Users\cy023\AppData\Local\Temp\ccKUQqDr.s 			page 4


 105              		.cfi_restore 7
 106              		.cfi_def_cfa_offset 0
 107 0010 7047     		bx	lr
 108              	.L8:
 109 0012 00BF     		.align	2
 110              	.L7:
 111 0014 00000000 		.word	SystemCoreClock
 112 0018 006CDC02 		.word	48000000
 113              		.cfi_endproc
 114              	.LFE131:
 116              		.text
 117              	.Letext0:
 118              		.file 2 "d:\\program files\\gnu arm embedded toolchain\\10 2020-q4-major\\arm-none-eabi\\include\\
 119              		.file 3 "d:\\program files\\gnu arm embedded toolchain\\10 2020-q4-major\\arm-none-eabi\\include\\
ARM GAS  C:\Users\cy023\AppData\Local\Temp\ccKUQqDr.s 			page 5


DEFINED SYMBOLS
                            *ABS*:00000000 system_same54p20a.c
C:\Users\cy023\AppData\Local\Temp\ccKUQqDr.s:20     .data:00000000 SystemCoreClock
C:\Users\cy023\AppData\Local\Temp\ccKUQqDr.s:17     .data:00000000 $d
C:\Users\cy023\AppData\Local\Temp\ccKUQqDr.s:23     .text.SystemInit:00000000 $t
C:\Users\cy023\AppData\Local\Temp\ccKUQqDr.s:31     .text.SystemInit:00000000 SystemInit
C:\Users\cy023\AppData\Local\Temp\ccKUQqDr.s:65     .text.SystemInit:00000014 $d
C:\Users\cy023\AppData\Local\Temp\ccKUQqDr.s:71     .text.SystemCoreClockUpdate:00000000 $t
C:\Users\cy023\AppData\Local\Temp\ccKUQqDr.s:78     .text.SystemCoreClockUpdate:00000000 SystemCoreClockUpdate
C:\Users\cy023\AppData\Local\Temp\ccKUQqDr.s:111    .text.SystemCoreClockUpdate:00000014 $d

NO UNDEFINED SYMBOLS
